<?xml version="1.0" encoding="UTF-8"?>
<!-- Generated by org.testng.reporters.JUnitReportReporter -->
<testsuite skipped="0" hostname="DESKTOP-0GHR3KF" name="com.vn.test.LoginTest" tests="3" failures="0" timestamp="2021-03-10T16:26:03 ICT" time="2.818" errors="0">
  <testcase name="emptyUsername" time="1.258" classname="com.vn.test.LoginTest"/>
  <system-out/>
  <testcase name="emptyPassword" time="0.497" classname="com.vn.test.LoginTest"/>
  <system-out/>
  <testcase name="rediectAdmin" time="1.063" classname="com.vn.test.LoginTest"/>
  <system-out/>
</testsuite> <!-- com.vn.test.LoginTest -->
